<?xml version="1.0" encoding="UTF-8"?>
<coverage generated="1785908814088" clover="3.2.0">
  <project timestamp="1785908814088" name="All files">
    <metrics statements="27" coveredstatements="25" conditionals="11" coveredconditionals="8" methods="11" coveredmethods="10" elements="49" coveredelements="43" complexity="0" loc="27" ncloc="27" packages="1" files="1" classes="1"/>
    <file name="store.js" path="/home/vaisakh.v/Project-day-5/project/src/js/store.js">
      <metrics statements="27" coveredstatements="25" conditionals="11" coveredconditionals="8" methods="11" coveredmethods="10"/>
      <line num="2" count="1" type="stmt"/>
      <line num="11" count="1" type="stmt"/>
      <line num="16" count="7" type="cond" truecount="5" falsecount="0"/>
      <line num="18" count="2" type="stmt"/>
      <line num="23" count="2" type="stmt"/>
      <line num="31" count="2" type="stmt"/>
      <line num="34" count="1" type="stmt"/>
      <line num="37" count="1" type="stmt"/>
      <line num="41" count="1" type="stmt"/>
      <line num="43" count="1" type="cond" truecount="1" falsecount="1"/>
      <line num="54" count="1" type="stmt"/>
      <line num="60" count="3" type="stmt"/>
      <line num="61" count="3" type="stmt"/>
      <line num="62" count="3" type="stmt"/>
      <line num="64" count="1" type="stmt"/>
      <line num="67" count="2" type="stmt"/>
      <line num="68" count="2" type="stmt"/>
      <line num="69" count="2" type="stmt"/>
      <line num="72" count="1" type="stmt"/>
      <line num="73" count="1" type="stmt"/>
      <line num="74" count="0" type="stmt"/>
      <line num="75" count="0" type="cond" truecount="0" falsecount="2"/>
      <line num="81" count="1" type="cond" truecount="2" falsecount="0"/>
      <line num="84" count="1" type="stmt"/>
      <line num="85" count="1" type="stmt"/>
      <line num="86" count="3" type="stmt"/>
      <line num="88" count="1" type="stmt"/>
    </file>
  </project>
</coverage>
