{"/home/vaisakh.v/Project-day-5/project/src/js/store.js": {"path":"/home/vaisakh.v/Project-day-5/project/src/js/store.js","statementMap":{"0":{"start":{"line":2,"column":28},"end":{"line":10,"column":1}},"1":{"start":{"line":11,"column":19},"end":{"line":13,"column":1}},"2":{"start":{"line":16,"column":4},"end":{"line":55,"column":5}},"3":{"start":{"line":18,"column":12},"end":{"line":21,"column":14}},"4":{"start":{"line":23,"column":33},"end":{"line":30,"column":13}},"5":{"start":{"line":31,"column":12},"end":{"line":31,"column":53}},"6":{"start":{"line":34,"column":12},"end":{"line":38,"column":14}},"7":{"start":{"line":37,"column":20},"end":{"line":37,"column":46}},"8":{"start":{"line":41,"column":12},"end":{"line":51,"column":10}},"9":{"start":{"line":43,"column":43},"end":{"line":49,"column":18}},"10":{"start":{"line":54,"column":12},"end":{"line":54,"column":25}},"11":{"start":{"line":60,"column":16},"end":{"line":60,"column":28}},"12":{"start":{"line":61,"column":22},"end":{"line":61,"column":24}},"13":{"start":{"line":62,"column":4},"end":{"line":78,"column":6}},"14":{"start":{"line":64,"column":12},"end":{"line":64,"column":25}},"15":{"start":{"line":67,"column":12},"end":{"line":67,"column":43}},"16":{"start":{"line":68,"column":12},"end":{"line":68,"column":79}},"17":{"start":{"line":69,"column":12},"end":{"line":69,"column":61}},"18":{"start":{"line":69,"column":44},"end":{"line":69,"column":59}},"19":{"start":{"line":72,"column":12},"end":{"line":72,"column":37}},"20":{"start":{"line":73,"column":12},"end":{"line":76,"column":14}},"21":{"start":{"line":74,"column":30},"end":{"line":74,"column":56}},"22":{"start":{"line":75,"column":16},"end":{"line":75,"column":59}},"23":{"start":{"line":75,"column":32},"end":{"line":75,"column":59}},"24":{"start":{"line":81,"column":21},"end":{"line":81,"column":69}},"25":{"start":{"line":84,"column":18},"end":{"line":84,"column":30}},"26":{"start":{"line":85,"column":22},"end":{"line":87,"column":12}},"27":{"start":{"line":86,"column":18},"end":{"line":86,"column":45}},"28":{"start":{"line":88,"column":4},"end":{"line":88,"column":60}}},"fnMap":{"0":{"name":"reducer","decl":{"start":{"line":15,"column":16},"end":{"line":15,"column":23}},"loc":{"start":{"line":15,"column":39},"end":{"line":56,"column":1}},"line":15},"1":{"name":"(anonymous_1)","decl":{"start":{"line":36,"column":42},"end":{"line":36,"column":43}},"loc":{"start":{"line":37,"column":20},"end":{"line":37,"column":46}},"line":37},"2":{"name":"(anonymous_2)","decl":{"start":{"line":43,"column":35},"end":{"line":43,"column":36}},"loc":{"start":{"line":43,"column":43},"end":{"line":49,"column":18}},"line":43},"3":{"name":"createStore","decl":{"start":{"line":59,"column":16},"end":{"line":59,"column":27}},"loc":{"start":{"line":59,"column":51},"end":{"line":79,"column":1}},"line":59},"4":{"name":"(anonymous_4)","decl":{"start":{"line":63,"column":8},"end":{"line":63,"column":9}},"loc":{"start":{"line":63,"column":19},"end":{"line":65,"column":9}},"line":63},"5":{"name":"(anonymous_5)","decl":{"start":{"line":66,"column":8},"end":{"line":66,"column":9}},"loc":{"start":{"line":66,"column":25},"end":{"line":70,"column":9}},"line":66},"6":{"name":"(anonymous_6)","decl":{"start":{"line":69,"column":30},"end":{"line":69,"column":31}},"loc":{"start":{"line":69,"column":44},"end":{"line":69,"column":59}},"line":69},"7":{"name":"(anonymous_7)","decl":{"start":{"line":71,"column":8},"end":{"line":71,"column":9}},"loc":{"start":{"line":71,"column":28},"end":{"line":77,"column":9}},"line":71},"8":{"name":"(anonymous_8)","decl":{"start":{"line":73,"column":19},"end":{"line":73,"column":20}},"loc":{"start":{"line":73,"column":25},"end":{"line":76,"column":13}},"line":73},"9":{"name":"getStats","decl":{"start":{"line":83,"column":16},"end":{"line":83,"column":24}},"loc":{"start":{"line":83,"column":32},"end":{"line":89,"column":1}},"line":83},"10":{"name":"(anonymous_10)","decl":{"start":{"line":86,"column":8},"end":{"line":86,"column":9}},"loc":{"start":{"line":86,"column":18},"end":{"line":86,"column":45}},"line":86}},"branchMap":{"0":{"loc":{"start":{"line":16,"column":4},"end":{"line":55,"column":5}},"type":"switch","locations":[{"start":{"line":17,"column":8},"end":{"line":21,"column":14}},{"start":{"line":22,"column":8},"end":{"line":32,"column":9}},{"start":{"line":33,"column":9},"end":{"line":39,"column":10}},{"start":{"line":40,"column":8},"end":{"line":52,"column":5}},{"start":{"line":53,"column":8},"end":{"line":54,"column":25}}],"line":16},"1":{"loc":{"start":{"line":43,"column":43},"end":{"line":49,"column":18}},"type":"cond-expr","locations":[{"start":{"line":44,"column":17},"end":{"line":48,"column":13}},{"start":{"line":49,"column":14},"end":{"line":49,"column":18}}],"line":43},"2":{"loc":{"start":{"line":75,"column":16},"end":{"line":75,"column":59}},"type":"if","locations":[{"start":{"line":75,"column":16},"end":{"line":75,"column":59}},{"start":{},"end":{}}],"line":75},"3":{"loc":{"start":{"line":81,"column":33},"end":{"line":81,"column":59}},"type":"binary-expr","locations":[{"start":{"line":81,"column":33},"end":{"line":81,"column":43}},{"start":{"line":81,"column":47},"end":{"line":81,"column":59}}],"line":81}},"s":{"0":1,"1":1,"2":7,"3":2,"4":2,"5":2,"6":1,"7":1,"8":1,"9":1,"10":1,"11":3,"12":3,"13":3,"14":1,"15":2,"16":2,"17":2,"18":1,"19":1,"20":1,"21":0,"22":0,"23":0,"24":1,"25":1,"26":1,"27":3,"28":1},"f":{"0":7,"1":1,"2":1,"3":3,"4":1,"5":2,"6":1,"7":1,"8":0,"9":1,"10":3},"b":{"0":[2,2,1,1,1],"1":[1,0],"2":[0,0],"3":[1,1]},"inputSourceMap":null,"_coverageSchema":"1a1c01bbd47fc00a2c39e90264f33305004495a9","hash":"527a357a6856c61ea0cc961af2a27a3dfe35abc2"}
}
