TN:
SF:project/src/js/store.js
FN:15,reducer
FN:36,(anonymous_1)
FN:43,(anonymous_2)
FN:59,createStore
FN:63,(anonymous_4)
FN:66,(anonymous_5)
FN:69,(anonymous_6)
FN:71,(anonymous_7)
FN:73,(anonymous_8)
FN:83,getStats
FN:86,(anonymous_10)
FNF:11
FNH:10
FNDA:7,reducer
FNDA:1,(anonymous_1)
FNDA:1,(anonymous_2)
FNDA:3,createStore
FNDA:1,(anonymous_4)
FNDA:2,(anonymous_5)
FNDA:1,(anonymous_6)
FNDA:1,(anonymous_7)
FNDA:0,(anonymous_8)
FNDA:1,getStats
FNDA:3,(anonymous_10)
DA:2,1
DA:11,1
DA:16,7
DA:18,2
DA:23,2
DA:31,2
DA:34,1
DA:37,1
DA:41,1
DA:43,1
DA:54,1
DA:60,3
DA:61,3
DA:62,3
DA:64,1
DA:67,2
DA:68,2
DA:69,2
DA:72,1
DA:73,1
DA:74,0
DA:75,0
DA:81,1
DA:84,1
DA:85,1
DA:86,3
DA:88,1
LF:27
LH:25
BRDA:16,0,0,2
BRDA:16,0,1,2
BRDA:16,0,2,1
BRDA:16,0,3,1
BRDA:16,0,4,1
BRDA:43,1,0,1
BRDA:43,1,1,0
BRDA:75,2,0,0
BRDA:75,2,1,0
BRDA:81,3,0,1
BRDA:81,3,1,1
BRF:11
BRH:8
end_of_record
